<?xml version="1.0" encoding="UTF-8"?>
<!-- Generated by org.testng.reporters.JUnitReportReporter -->
<testsuite skipped="2" hostname="DESKTOP-UTHNJ9C" name="com.script.LoginTest" tests="3" failures="0" timestamp="15 Jul 2017 05:23:24 GMT" time="0.038" errors="1">
  <testcase name="logintoAbofApplication" time="0.001" classname="com.script.LoginTest">
    <skipped/>
  </testcase> <!-- logintoAbofApplication -->
  <testcase name="startAppiumServer" time="0.037" classname="com.script.LoginTest">
    <error type="java.lang.IllegalStateException" message="The driver executable does not exist: C:\Program Files (x86)\Appium\node.js">
      <![CDATA[java.lang.IllegalStateException: The driver executable does not exist: C:\Program Files (x86)\Appium\node.js
	at com.google.common.base.Preconditions.checkState(Preconditions.java:199)
	at org.openqa.selenium.remote.service.DriverService.checkExecutable(DriverService.java:121)
	at org.openqa.selenium.remote.service.DriverService$Builder.usingDriverExecutable(DriverService.java:222)
	at io.appium.java_client.service.local.AppiumServiceBuilder.usingDriverExecutable(AppiumServiceBuilder.java:439)
	at com.library.BaseClass.startAppiumServer(BaseClass.java:37)
	at sun.reflect.NativeMethodAccessorImpl.invoke0(Native Method)
	at sun.reflect.NativeMethodAccessorImpl.invoke(Unknown Source)
	at sun.reflect.DelegatingMethodAccessorImpl.invoke(Unknown Source)
	at java.lang.reflect.Method.invoke(Unknown Source)
	at org.testng.internal.MethodInvocationHelper.invokeMethod(MethodInvocationHelper.java:108)
	at org.testng.internal.Invoker.invokeConfigurationMethod(Invoker.java:523)
	at org.testng.internal.Invoker.invokeConfigurations(Invoker.java:224)
	at org.testng.internal.Invoker.invokeConfigurations(Invoker.java:146)
	at org.testng.SuiteRunner.privateRun(SuiteRunner.java:326)
	at org.testng.SuiteRunner.run(SuiteRunner.java:289)
	at org.testng.SuiteRunnerWorker.runSuite(SuiteRunnerWorker.java:52)
	at org.testng.SuiteRunnerWorker.run(SuiteRunnerWorker.java:86)
	at org.testng.TestNG.runSuitesSequentially(TestNG.java:1301)
	at org.testng.TestNG.runSuitesLocally(TestNG.java:1226)
	at org.testng.TestNG.runSuites(TestNG.java:1144)
	at org.testng.TestNG.run(TestNG.java:1115)
	at org.testng.remote.AbstractRemoteTestNG.run(AbstractRemoteTestNG.java:132)
	at org.testng.remote.RemoteTestNG.initAndRun(RemoteTestNG.java:230)
	at org.testng.remote.RemoteTestNG.main(RemoteTestNG.java:76)
]]>
    </error>
  </testcase> <!-- startAppiumServer -->
  <testcase name="logintoAbofApplication" time="0.000" classname="com.script.LoginTest">
    <skipped/>
  </testcase> <!-- logintoAbofApplication -->
</testsuite> <!-- com.script.LoginTest -->
